make.exe all --print-data-base --no-builtin-variables --no-builtin-rules --question
make: *** No rule to make target 'all'.  Stop.

# GNU Make 4.3
# Built for x86_64-pc-msys
# Copyright (C) 1988-2020 Free Software Foundation, Inc.
# License GPLv3+: GNU GPL version 3 or later <http://gnu.org/licenses/gpl.html>
# This is free software: you are free to change and redistribute it.
# There is NO WARRANTY, to the extent permitted by law.
 

# Make data base, printed on Sun May 15 20:15:24 2022

# Variables

# environment
 
SYSTEMDRIVE = C:
# environment
LC_ALL = C
# environment
USERPROFILE = C:\Users\Uranai
# environment
LOCALAPPDATA = C:\Users\Uranai\AppData\Local
# environment
VSCODE_IPC_HOOK_EXTHOST = \\.\pipe\vscode-ipc-be9c6068-baeb-4a35-909a-bd3488f1f784-sock
# environment
VSCODE_CWD = C:\Users\Uranai\AppData\Local\Programs\Microsoft VS Code
# environment
SYSTEMROOT = C:\WINDOWS
# environment
PROCESSOR_LEVEL = 25
# environment
PSMODULEPATH = C:\Program Files\WindowsPowerShell\Modules;C:\WINDOWS\system32\WindowsPowerShell\v1.0\Modules
# default
MAKE_COMMAND := make
# automatic
@D = $(patsubst %/,%,$(dir $@))
# environment
CHROME_CRASHPAD_PIPE_NAME = \\.\pipe\crashpad_11408_HJFIHEYXCWSHTIVZ
# environment
VSCODE_HANDLES_UNCAUGHT_ERRORS = true
# default
.VARIABLES := 
# automatic
%D = $(patsubst %/,%,$(dir $%))
# automatic
^D = $(patsubst %/,%,$(dir $^))
# environment
VSCODE_LOG_STACK = false
# automatic
%F = $(notdir $%)
# environment
VSCODE_CODE_CACHE_PATH = C:\Users\Uranai\AppData\Roaming\Code\CachedData\da15b6fd3ef856477bf6f4fb29ba1b7af717770d
# environment
LANG = C
# default
.LOADED := 
# environment
TMP = /c/Users/Uranai/AppData/Local/Temp
# default
.INCLUDE_DIRS = /usr/include /usr/include
# makefile
MAKEFLAGS = pqrR
# environment
ONEDRIVE = C:\Users\Uranai\OneDrive
# makefile
CURDIR := /c/Users/Uranai/OSS/TeamProject/TeamProject2022OSS
# environment
VSCODE_PIPE_LOGGING = true
# environment
APPLICATION_INSIGHTS_NO_DIAGNOSTIC_CHANNEL = 1
# automatic
*D = $(patsubst %/,%,$(dir $*))
# environment
PROGRAMFILES = C:\Program Files
# environment
MFLAGS = -pqrR
# default
.SHELLFLAGS := -c
# environment
!C: = c:\Users\Uranai\OSS\TeamProject\TeamProject2022OSS
# environment
COMMONPROGRAMW6432 = C:\Program Files\Common Files
# automatic
+D = $(patsubst %/,%,$(dir $+))
# makefile (from 'makefile', line 1)
MAKEFILE_LIST := makefile
# automatic
@F = $(notdir $@)
# environment
VSCODE_VERBOSE_LOGGING = true
# environment
VSCODE_PID = 11408
# automatic
?D = $(patsubst %/,%,$(dir $?))
# automatic
*F = $(notdir $*)
# automatic
<D = $(patsubst %/,%,$(dir $<))
# environment
VSCODE_NLS_CONFIG = {"locale":"ko","availableLanguages":{"*":"ko"},"_languagePackId":"738ac08552cca045871a73764b8c446f.ko","_translationsConfigFile":"C:\\Users\\Uranai\\AppData\\Roaming\\Code\\clp\\738ac08552cca045871a73764b8c446f.ko\\tcf.json","_cacheRoot":"C:\\Users\\Uranai\\AppData\\Roaming\\Code\\clp\\738ac08552cca045871a73764b8c446f.ko","_resolvedLanguagePackCoreLocation":"C:\\Users\\Uranai\\AppData\\Roaming\\Code\\clp\\738ac08552cca045871a73764b8c446f.ko\\da15b6fd3ef856477bf6f4fb29ba1b7af717770d","_corruptedFile":"C:\\Users\\Uranai\\AppData\\Roaming\\Code\\clp\\738ac08552cca045871a73764b8c446f.ko\\corrupted.info","_languagePackSupport":true}
# default
MAKE_HOST := x86_64-pc-msys
# environment
PROGRAMDATA = C:\ProgramData
# default
SHELL := /bin/sh
# environment
HOMEPATH = \Users\Uranai
# default
MAKECMDGOALS := all
# environment
DRIVERDATA = C:\Windows\System32\Drivers\DriverData
# environment
COMSPEC = C:\WINDOWS\system32\cmd.exe
# environment
WINDIR = C:\WINDOWS
# environment
MAKELEVEL := 0
# default
MAKE = $(MAKE_COMMAND)
# environment
PATH = /c/Windows/system32:/c/Windows:/c/Windows/System32/Wbem:/c/Windows/System32/WindowsPowerShell/v1.0:/c/Windows/System32/OpenSSH:/c/Program Files (x86)/NVIDIA Corporation/PhysX/Common:/c/Program Files/NVIDIA Corporation/NVIDIA NvDLISR:/c/WINDOWS/system32:/c/WINDOWS:/c/WINDOWS/System32/Wbem:/c/WINDOWS/System32/WindowsPowerShell/v1.0:/c/WINDOWS/System32/OpenSSH:/c/Program Files/Git/cmd:/usr/bin:/mingw64/bin:/c/Program Files/PuTTY:/c/Program Files/Microsoft SQL Server/150/Tools/Binn:/c/Users/Uranai/AppData/Local/Microsoft/WindowsApps:/c/Users/Uranai/AppData/Local/GitHubDesktop/bin:/usr/bin:/mingw64/bin:/c/Users/Uranai/AppData/Local/Programs/Microsoft VS Code/bin:/c/Program Files/Java/jdk-18.0.1.1/bin
# environment
COMPUTERNAME = DESKTOP-7EJF666
# default
MAKEFILES := 
# automatic
^F = $(notdir $^)
# environment
PROMPT = $P$G
# makefile (from 'makefile', line 2)
TARG = review.o util.o
# environment
LOGONSERVER = \\DESKTOP-7EJF666
# environment
VSCODE_LOG_NATIVE = false
# environment
USERNAME = Uranai
# environment
COMMONPROGRAMFILES = C:\Program Files\Common Files
# automatic
?F = $(notdir $?)
# environment
PROGRAMW6432 = C:\Program Files
# environment
PATHEXT = .COM;.EXE;.BAT;.CMD;.VBS;.VBE;.JS;.JSE;.WSF;.WSH;.MSC
# automatic
+F = $(notdir $+)
# environment
ORIGINAL_XDG_CURRENT_DESKTOP = undefined
# environment
USERDOMAIN = DESKTOP-7EJF666
# 'override' directive
GNUMAKEFLAGS := 
# environment
OS = Windows_NT
# makefile
.DEFAULT_GOAL := testwrite
# default
MAKE_VERSION := 4.3
# environment
PROGRAMFILES(X86) = C:\Program Files (x86)
# environment
USERDOMAIN_ROAMINGPROFILE = DESKTOP-7EJF666
# environment
NUMBER_OF_PROCESSORS = 12
# environment
PUBLIC = C:\Users\Public
# environment
APPDATA = C:\Users\Uranai\AppData\Roaming
# environment
HOMEDRIVE = C:
# environment
PROCESSOR_ARCHITECTURE = AMD64
# environment
VSCODE_AMD_ENTRYPOINT = vs/workbench/api/node/extensionHostProcess
# environment
HOME = /home/Uranai
# environment
COMMONPROGRAMFILES(X86) = C:\Program Files (x86)\Common Files
# environment
ELECTRON_RUN_AS_NODE = 1
# environment
TEMP = /c/Users/Uranai/AppData/Local/Temp
# environment
VSCODE_IPC_HOOK = \\.\pipe\d033fbb10acba2ad8c604e13e517f3df-1.67.1-main-sock
# environment
TERM = xterm-256color
# environment
JAVA_VAR = C:\Program Files\Java\jdk-18.0.1.1
# makefile (from 'makefile', line 4)
DELFUNC = del
# default
.RECIPEPREFIX := 
# automatic
<F = $(notdir $<)
# default
SUFFIXES := 
# environment
ALLUSERSPROFILE = C:\ProgramData
# environment
SESSIONNAME = Console
# default
.FEATURES := target-specific order-only second-expansion else-if shortest-stem undefine oneshell nocomment grouped-target extra-prereqs archives jobserver output-sync check-symlink load
# environment
PROCESSOR_REVISION = 2100
# makefile (from 'makefile', line 1)
CC = gcc
# environment
PROCESSOR_IDENTIFIER = AMD64 Family 25 Model 33 Stepping 0, AuthenticAMD
# variable set hash-table stats:
 
# Load=98/1024=10%, Rehash=0, Collisions=11/126=9%

# Pattern-specific Variable Values

# No pattern-specific variable values.

# Directories

# . (device 2428717850, inode 8162774324772563): 11 files, no impossibilities.

# 11 files, no impossibilities in 1 directories.

# Implicit Rules

# No implicit rules.

# Files

testwrite: review.c util.o
#  Implicit rule search has not been done.
#  Modification time never checked.
#  File has not been updated.
#  recipe to execute (from 'makefile', line 10):
	$(CC) -o review $^ -DTESTWRITE

# Not a target:
util.o:
#  Implicit rule search has not been done.
#  Modification time never checked.
#  File has not been updated.

clean:
#  Implicit rule search has not been done.
#  Modification time never checked.
#  File has not been updated.
#  recipe to execute (from 'makefile', line 19):
	$(DELFUNC) $(TARG)
	$(DELFUNC) review
	$(DELFUNC) review.exe

testdel: review.c util.o
#  Implicit rule search has not been done.
#  Modification time never checked.
#  File has not been updated.
#  recipe to execute (from 'makefile', line 16):
	$(CC) -o review $^ -DTESTDEL

# Not a target:
.DEFAULT:
#  Implicit rule search has not been done.
#  Modification time never checked.
#  File has not been updated.

# Not a target:
all:
#  Command line target.
#  Implicit rule search has been done.
#  File does not exist.
#  File has not been updated.

testedit: review.c util.o
#  Implicit rule search has not been done.
#  Modification time never checked.
#  File has not been updated.
#  recipe to execute (from 'makefile', line 13):
	$(CC) -o review $^ -DTESTEDIT

# Not a target:
makefile:
#  Implicit rule search has been done.
#  Last modified 2022-05-08 14:01:05.5131144
#  File has been updated.
#  Successfully updated.

# Not a target:
review.c:
#  Implicit rule search has not been done.
#  Modification time never checked.
#  File has not been updated.

# files hash-table stats:
# Load=10/1024=1%, Rehash=0, Collisions=0/26=0%
# VPATH Search Paths

# No 'vpath' search paths.

# No general ('VPATH' variable) search path.

# strcache buffers: 1 (0) / strings = 20 / storage = 156 B / avg = 7 B
# current buf: size = 8162 B / used = 156 B / count = 20 / avg = 7 B

# strcache performance: lookups = 33 / hit rate = 39%
# hash-table stats:
# Load=20/8192=0%, Rehash=0, Collisions=0/33=0%
# Finished Make data base on Sun May 15 20:15:24 2022

 
